[debug] > Exec(early(addDefaultCommands), None, None)
[debug] > Exec(addDefaultCommands, None, None)
[debug] > Exec(early(initialize), None, None)
[debug] > Exec(initialize, None, None)
[debug] > Exec(early(addPluginSbtFile="""C:\Users\saura\AppData\Local\Temp\idea.sbt"""), None, None)
[debug] > Exec(addPluginSbtFile="""C:\Users\saura\AppData\Local\Temp\idea.sbt""", None, None)
[debug] > Exec(boot, None, None)
[debug] > Exec(writeSbtVersion, None, None)
[debug] > Exec(reload, None, None)
[debug] > Exec(sbtStashOnFailure, None, None)
[debug] > Exec(onFailure loadFailed, None, None)
[debug] > Exec(loadp, None, None)
[info] welcome to sbt 1.9.6 (Eclipse Adoptium Java 11.0.20.1)
[debug]       Load.loadUnit: plugins took 159.423ms
[debug]       Load.loadUnit: defsScala took 0.3446ms
[debug] [Loading] Scanning directory C:\Users\saura\.sbt\1.0\plugins
[debug] [Loading] Found non-root projects 
[debug] [Loading] Done in C:\Users\saura\.sbt\1.0\plugins, returning: ()
[debug] deducing auto plugins based on known facts Set(Atom(sbt.plugins.CorePlugin)) and clauses Clauses(Clause(Atom(sbt.plugins.JvmPlugin),Set(Atom(sbt.plugins.IvyPlugin)))
[debug] Clause(Atom(sbt.ScriptedPlugin),Set(Atom(sbt.plugins.JvmPlugin)))
[debug] Clause(Atom(sbt.plugins.SbtPlugin),Set(Atom(sbt.ScriptedPlugin)))
[debug] Clause(Atom(sbt.plugins.SemanticdbPlugin),Set(Atom(sbt.plugins.JvmPlugin)))
[debug] Clause(Atom(sbt.plugins.JUnitXmlReportPlugin),Set(Atom(sbt.plugins.JvmPlugin)))
[debug] Clause(Atom(sbt.plugins.MiniDependencyTreePlugin),Set(Atom(sbt.plugins.JvmPlugin)))
[debug] Clause(Atom(sbt.plugins.CorePlugin),Set(Atom(sbt.plugins.IvyPlugin)))
[debug] Clause(Atom(sbt.plugins.IvyPlugin),Set(Atom(sbt.plugins.JvmPlugin)))
[debug] Clause(Atom(sbt.plugins.JvmPlugin),Set(Atom(sbt.plugins.SemanticdbPlugin)))
[debug] Clause(Atom(sbt.plugins.JvmPlugin),Set(Atom(sbt.plugins.JUnitXmlReportPlugin)))
[debug] Clause(Atom(sbt.plugins.CorePlugin),Set(Atom(sbt.plugins.Giter8TemplatePlugin)))
[debug] Clause(Atom(sbt.plugins.JvmPlugin),Set(Atom(sbt.plugins.MiniDependencyTreePlugin))))
[debug]   :: deduced result: Matched(sbt.plugins.CorePlugin,sbt.plugins.Giter8TemplatePlugin,sbt.plugins.IvyPlugin,sbt.plugins.JvmPlugin,sbt.plugins.MiniDependencyTreePlugin,sbt.plugins.JUnitXmlReportPlugin,sbt.plugins.SemanticdbPlugin)
[debug] Plugins.deducer#function took 23.6584 ms
[debug]           Load.resolveProject(global-plugins) took 57.8485ms
[debug]         Load.loadTransitive: finalizeProject(Project(id global-plugins, base: C:\Users\saura\.sbt\1.0\plugins, plugins: List(<none>))) took 115.3122ms
[debug] [Loading] Done in C:\Users\saura\.sbt\1.0\plugins, returning: (global-plugins)
[debug]       Load.loadUnit: loadedProjectsRaw took 152.0182ms
[debug]       Load.loadUnit: cleanEvalClasses took 0.2116ms
[debug]     Load.loadUnit(file:/C:/Users/saura/.sbt/1.0/plugins/, ...) took 324.6893ms
[debug]   Load.apply: load took 571.078ms
[debug]   Load.apply: resolveProjects took 6.8056ms
[debug]   Load.apply: finalTransforms took 81.9813ms
[debug]   Load.apply: config.delegates took 10.9138ms
[debug]   Load.apply: Def.make(settings)... took 610.3462ms
[debug]   Load.apply: structureIndex took 132.5076ms
[debug]   Load.apply: mkStreams took 2.044ms
[info] loading global plugins from C:\Users\saura\.sbt\1.0\plugins
[debug] Running task... Cancel: Signal, check cycles: false, forcegc: true
[debug] Load.defaultLoad until apply took 5383.7791ms
[debug]           Load.loadUnit: plugins took 24.5203ms
[debug]           Load.loadUnit: defsScala took 0.0031ms
[debug] [Loading] Scanning directory C:\Users\saura\IdeaProjects\shoppingbasket\project
[debug]             Load.loadUnit: mkEval took 9.0952ms
[debug] [Loading] Found non-root projects 
[debug] [Loading] Done in C:\Users\saura\IdeaProjects\shoppingbasket\project, returning: ()
[debug] deducing auto plugins based on known facts Set(Atom(sbt.plugins.CorePlugin)) and clauses Clauses(Clause(Atom(sbt.plugins.JvmPlugin),Set(Atom(sbt.plugins.IvyPlugin)))
[debug] Clause(Atom(sbt.ScriptedPlugin),Set(Atom(sbt.plugins.JvmPlugin)))
[debug] Clause(Atom(sbt.plugins.SbtPlugin),Set(Atom(sbt.ScriptedPlugin)))
[debug] Clause(Atom(sbt.plugins.SemanticdbPlugin),Set(Atom(sbt.plugins.JvmPlugin)))
[debug] Clause(Atom(sbt.plugins.JUnitXmlReportPlugin),Set(Atom(sbt.plugins.JvmPlugin)))
[debug] Clause(Atom(sbt.plugins.MiniDependencyTreePlugin),Set(Atom(sbt.plugins.JvmPlugin)))
[debug] Clause(Atom(sbt.plugins.CorePlugin),Set(Atom(sbt.plugins.IvyPlugin)))
[debug] Clause(Atom(sbt.plugins.IvyPlugin),Set(Atom(sbt.plugins.JvmPlugin)))
[debug] Clause(Atom(sbt.plugins.JvmPlugin),Set(Atom(sbt.plugins.SemanticdbPlugin)))
[debug] Clause(Atom(sbt.plugins.JvmPlugin),Set(Atom(sbt.plugins.JUnitXmlReportPlugin)))
[debug] Clause(Atom(sbt.plugins.CorePlugin),Set(Atom(sbt.plugins.Giter8TemplatePlugin)))
[debug] Clause(Atom(sbt.plugins.JvmPlugin),Set(Atom(sbt.plugins.MiniDependencyTreePlugin))))
[debug]   :: deduced result: Matched(sbt.plugins.CorePlugin,sbt.plugins.Giter8TemplatePlugin,sbt.plugins.IvyPlugin,sbt.plugins.JvmPlugin,sbt.plugins.MiniDependencyTreePlugin,sbt.plugins.JUnitXmlReportPlugin,sbt.plugins.SemanticdbPlugin)
[debug] Plugins.deducer#function took 5.1773 ms
[info] loading settings for project shoppingbasket-build from idea.sbt ...
[debug]               Load.resolveProject(shoppingbasket-build) took 12.2543ms
[debug]             Load.loadTransitive: finalizeProject(Project(id shoppingbasket-build, base: C:\Users\saura\IdeaProjects\shoppingbasket\project, plugins: List(<none>))) took 21.0635ms
[debug] [Loading] Done in C:\Users\saura\IdeaProjects\shoppingbasket\project, returning: (shoppingbasket-build)
[debug]           Load.loadUnit: loadedProjectsRaw took 193.4872ms
[debug]           Load.loadUnit: cleanEvalClasses took 22.4472ms
[debug]         Load.loadUnit(file:/C:/Users/saura/IdeaProjects/shoppingbasket/project/, ...) took 241.6894ms
[debug]       Load.apply: load took 248.706ms
[debug]       Load.apply: resolveProjects took 0.7573ms
[debug]       Load.apply: finalTransforms took 39.361ms
[debug]       Load.apply: config.delegates took 1.0065ms
[debug]       Load.apply: Def.make(settings)... took 171.7612ms
[debug]       Load.apply: structureIndex took 31.6577ms
[debug]       Load.apply: mkStreams took 0.0082ms
[info] loading project definition from C:\Users\saura\IdeaProjects\shoppingbasket\project
[debug] Running task... Cancel: Signal, check cycles: false, forcegc: true
[warn] Unrecognized repository Scala Plugin Bundled Repository, ignoring it
[warn] Unrecognized repository Scala Plugin Bundled Repository, ignoring it
[debug]     Load.loadUnit: plugins took 998.8473ms
[debug]     Load.loadUnit: defsScala took 0.0034ms
[debug] [Loading] Scanning directory C:\Users\saura\IdeaProjects\shoppingbasket
[debug]       Load.loadUnit: mkEval took 0.3852ms
[debug] [Loading] Found root project root w/ remaining 
[debug] deducing auto plugins based on known facts Set(Atom(sbt.plugins.CorePlugin)) and clauses Clauses(Clause(Atom(sbt.plugins.JvmPlugin),Set(Atom(sbt.plugins.IvyPlugin)))
[debug] Clause(Atom(sbt.ScriptedPlugin),Set(Atom(sbt.plugins.JvmPlugin)))
[debug] Clause(Atom(sbt.plugins.SbtPlugin),Set(Atom(sbt.ScriptedPlugin)))
[debug] Clause(Atom(sbt.plugins.SemanticdbPlugin),Set(Atom(sbt.plugins.JvmPlugin)))
[debug] Clause(Atom(sbt.plugins.JUnitXmlReportPlugin),Set(Atom(sbt.plugins.JvmPlugin)))
[debug] Clause(Atom(sbt.plugins.MiniDependencyTreePlugin),Set(Atom(sbt.plugins.JvmPlugin)))
[debug] Clause(Atom(org.jetbrains.sbt.StructurePlugin),Set(Atom(sbt.plugins.JvmPlugin)))
[debug] Clause(Atom(org.jetbrains.sbt.IdeaShellPlugin),Set(Atom(sbt.plugins.JvmPlugin)))
[debug] Clause(Atom(org.jetbrains.sbt.indices.SbtIntellijIndicesPlugin),Set(Atom(sbt.plugins.JvmPlugin)))
[debug] Clause(Atom(sbt.plugins.CorePlugin),Set(Atom(sbt.plugins.IvyPlugin)))
[debug] Clause(Atom(sbt.plugins.IvyPlugin),Set(Atom(sbt.plugins.JvmPlugin)))
[debug] Clause(Atom(sbt.plugins.JvmPlugin),Set(Atom(sbt.plugins.SemanticdbPlugin)))
[debug] Clause(Atom(sbt.plugins.JvmPlugin),Set(Atom(sbt.plugins.JUnitXmlReportPlugin)))
[debug] Clause(Atom(sbt.plugins.CorePlugin),Set(Atom(sbt.plugins.Giter8TemplatePlugin)))
[debug] Clause(Atom(sbt.plugins.JvmPlugin),Set(Atom(sbt.plugins.MiniDependencyTreePlugin)))
[debug] Clause(Atom(sbt.plugins.JvmPlugin),Set(Atom(org.jetbrains.sbt.StructurePlugin)))
[debug] Clause(Atom(sbt.plugins.JvmPlugin),Set(Atom(org.jetbrains.sbt.IdeaShellPlugin)))
[debug] Clause(And(Set(Atom(sbt.plugins.CorePlugin), Atom(sbt.plugins.JvmPlugin))),Set(Atom(org.jetbrains.sbt.indices.SbtIntellijIndicesPlugin))))
[debug]   :: deduced result: Matched(sbt.plugins.CorePlugin,sbt.plugins.Giter8TemplatePlugin,sbt.plugins.IvyPlugin,sbt.plugins.JvmPlugin,sbt.plugins.SemanticdbPlugin,org.jetbrains.sbt.indices.SbtIntellijIndicesPlugin,sbt.plugins.JUnitXmlReportPlugin,org.jetbrains.sbt.IdeaShellPlugin,org.jetbrains.sbt.StructurePlugin,sbt.plugins.MiniDependencyTreePlugin)
[debug] Plugins.deducer#function took 1.4051 ms
[info] loading settings for project root from build.sbt ...
[debug]         Load.resolveProject(root) took 41.4022ms
[debug]       Load.loadTransitive: finalizeProject(Project(id root, base: C:\Users\saura\IdeaProjects\shoppingbasket, plugins: List(<none>))) took 44.6434ms
[debug] [Loading] Done in C:\Users\saura\IdeaProjects\shoppingbasket, returning: (root)
[debug]     Load.loadUnit: loadedProjectsRaw took 140.2397ms
[debug]     Load.loadUnit: cleanEvalClasses took 7.9864ms
[debug]   Load.loadUnit(file:/C:/Users/saura/IdeaProjects/shoppingbasket/, ...) took 1147.662ms
[debug] Load.apply: load took 1149.7004ms
[debug] Load.apply: resolveProjects took 0.1944ms
[debug] Load.apply: finalTransforms took 25.6132ms
[debug] Load.apply: config.delegates took 0.3634ms
[debug] Load.apply: Def.make(settings)... took 72.6558ms
[debug] Load.apply: structureIndex took 23.3106ms
[debug] Load.apply: mkStreams took 0.0032ms
[info] set current project to shoppingbasket (in build file:/C:/Users/saura/IdeaProjects/shoppingbasket/)
[debug] > Exec(sbtPopOnFailure, None, None)
[debug] > Exec(resumeFromFailure, None, None)
[debug] > Exec(notifyUsersAboutShell, None, None)
[debug] > Exec(iflast shell, None, None)
[debug] > Exec(; set ideaPort in Global := 56689 ; idea-shell, None, None)
[debug] > Exec(set ideaPort in Global := 56689, None, None)
[info] Defining Global / ideaPort
[info] The new value will be used by Compile / compile, Test / compile
[debug] Defining 
[debug] 	Global / ideaPort
[debug] 
[debug] The new value will be used by 
[debug] 	Compile / compile
[debug] 	Test / compile
[info] Reapplying settings...
[info] set current project to shoppingbasket (in build file:/C:/Users/saura/IdeaProjects/shoppingbasket/)
[debug] > Exec(idea-shell, None, None)
